<?xml version="1.0" encoding="UTF-8"?>
<testsuite xmlns:xsi="http://www.w3.org/2001/XMLSchema-instance" xsi:noNamespaceSchemaLocation="https://maven.apache.org/surefire/maven-surefire-plugin/xsd/surefire-test-report.xsd" name="com.mycompany.app.AppTest" time="0.088" tests="1" errors="0" skipped="0" failures="0">
  <properties>
    <property name="java.vm.info" value="mixed mode"/>
    <property name="file.encoding.pkg" value="sun.io"/>
    <property name="file.encoding" value="UTF-8"/>
    <property name="java.specification.name" value="Java Platform API Specification"/>
    <property name="sun.os.patch.level" value="unknown"/>
    <property name="user.dir" value="/home/edureka/mvn_workspace/my-app"/>
    <property name="line.separator" value="&#10;"/>
    <property name="java.home" value="/usr/lib/jvm/java-7-openjdk-amd64/jre"/>
    <property name="user.name" value="edureka"/>
    <property name="sun.boot.library.path" value="/usr/lib/jvm/java-7-openjdk-amd64/jre/lib/amd64"/>
    <property name="user.home" value="/home/edureka"/>
    <property name="localRepository" value="/home/edureka/.m2/repository"/>
    <property name="sun.java.launcher" value="SUN_STANDARD"/>
    <property name="java.class.version" value="51.0"/>
    <property name="user.language" value="en"/>
    <property name="java.vendor.url.bug" value="http://bugreport.sun.com/bugreport/"/>
    <property name="sun.jnu.encoding" value="UTF-8"/>
    <property name="java.io.tmpdir" value="/tmp"/>
    <property name="java.specification.vendor" value="Oracle Corporation"/>
    <property name="file.separator" value="/"/>
    <property name="java.class.path" value="/home/edureka/mvn_workspace/my-app/target/test-classes:/home/edureka/mvn_workspace/my-app/target/classes:/home/edureka/.m2/repository/junit/junit/4.11/junit-4.11.jar:/home/edureka/.m2/repository/org/hamcrest/hamcrest-core/1.3/hamcrest-core-1.3.jar:"/>
    <property name="java.vm.vendor" value="Oracle Corporation"/>
    <property name="sun.cpu.endian" value="little"/>
    <property name="java.vm.specification.vendor" value="Oracle Corporation"/>
    <property name="java.specification.version" value="1.7"/>
    <property name="awt.toolkit" value="sun.awt.X11.XToolkit"/>
    <property name="sun.java.command" value="/home/edureka/mvn_workspace/my-app/target/surefire/surefirebooter2192544309039540829.jar /home/edureka/mvn_workspace/my-app/target/surefire 2019-09-10T18-56-15_926-jvmRun1 surefire8680084337762161013tmp surefire_05286982517733246283tmp"/>
    <property name="user.timezone" value=""/>
    <property name="surefire.test.class.path" value="/home/edureka/mvn_workspace/my-app/target/test-classes:/home/edureka/mvn_workspace/my-app/target/classes:/home/edureka/.m2/repository/junit/junit/4.11/junit-4.11.jar:/home/edureka/.m2/repository/org/hamcrest/hamcrest-core/1.3/hamcrest-core-1.3.jar:"/>
    <property name="java.runtime.version" value="1.7.0_201-b00"/>
    <property name="java.vendor" value="Oracle Corporation"/>
    <property name="sun.management.compiler" value="HotSpot 64-Bit Tiered Compilers"/>
    <property name="sun.arch.data.model" value="64"/>
    <property name="os.arch" value="amd64"/>
    <property name="sun.io.unicode.encoding" value="UnicodeLittle"/>
    <property name="java.awt.printerjob" value="sun.print.PSPrinterJob"/>
    <property name="path.separator" value=":"/>
    <property name="java.runtime.name" value="OpenJDK Runtime Environment"/>
    <property name="java.vendor.url" value="http://java.oracle.com/"/>
    <property name="sun.boot.class.path" value="/usr/lib/jvm/java-7-openjdk-amd64/jre/lib/resources.jar:/usr/lib/jvm/java-7-openjdk-amd64/jre/lib/rt.jar:/usr/lib/jvm/java-7-openjdk-amd64/jre/lib/sunrsasign.jar:/usr/lib/jvm/java-7-openjdk-amd64/jre/lib/jsse.jar:/usr/lib/jvm/java-7-openjdk-amd64/jre/lib/jce.jar:/usr/lib/jvm/java-7-openjdk-amd64/jre/lib/charsets.jar:/usr/lib/jvm/java-7-openjdk-amd64/jre/lib/rhino.jar:/usr/lib/jvm/java-7-openjdk-amd64/jre/lib/jfr.jar:/usr/lib/jvm/java-7-openjdk-amd64/jre/classes"/>
    <property name="surefire.real.class.path" value="/home/edureka/mvn_workspace/my-app/target/surefire/surefirebooter2192544309039540829.jar"/>
    <property name="java.endorsed.dirs" value="/usr/lib/jvm/java-7-openjdk-amd64/jre/lib/endorsed"/>
    <property name="sun.desktop" value="gnome"/>
    <property name="java.vm.version" value="24.201-b00"/>
    <property name="os.name" value="Linux"/>
    <property name="java.vm.specification.version" value="1.7"/>
    <property name="sun.cpu.isalist" value=""/>
    <property name="java.version" value="1.7.0_201"/>
    <property name="java.vm.specification.name" value="Java Virtual Machine Specification"/>
    <property name="java.ext.dirs" value="/usr/lib/jvm/java-7-openjdk-amd64/jre/lib/ext:/usr/java/packages/lib/ext"/>
    <property name="os.version" value="4.2.0-42-generic"/>
    <property name="basedir" value="/home/edureka/mvn_workspace/my-app"/>
    <property name="java.library.path" value="/usr/java/packages/lib/amd64:/usr/lib/x86_64-linux-gnu/jni:/lib/x86_64-linux-gnu:/usr/lib/x86_64-linux-gnu:/usr/lib/jni:/lib:/usr/lib"/>
    <property name="java.awt.graphicsenv" value="sun.awt.X11GraphicsEnvironment"/>
    <property name="java.vm.name" value="OpenJDK 64-Bit Server VM"/>
    <property name="user.country" value="IN"/>
  </properties>
  <testcase name="shouldAnswerWithTrue" classname="com.mycompany.app.AppTest" time="0.011"/>
</testsuite>